

# 0. 분석 대상

![image-20250317202302943](../../../../../Documents/GitHub/dalcheonroadhead-github-blog/dalcheonroadhead.github.io/images/실행 계획 측정/image-20250317202302943.png)

# 1. SQL 문 변환한 것

```sql
EXPLAIN ANALYZE
SELECT DISTINCT jc.*
        FROM job_condition jc
        JOIN work_location wl
          ON jc.job_condition_id = wl.job_condition_id
        JOIN recruit_condition rc
          ON rc.location_id = wl.location_id
        JOIN recruit_time rt2
          ON rt2.recruit_condition_id = rc.recruit_condition_id
        JOIN recruit_time rt3
          ON rt3.recruit_condition_id = rc.recruit_condition_id
          AND rt3.dayOfWeek = rt2.dayOfWeek
        WHERE
          (jc.day_of_week & rt2.dayOfWeek) != 0
          AND jc.start_time < rt3.startTime
          AND jc.end_time > rt3.startTime;
```

해당 SQL문에 대한 실행계획을 찾고, 분석해보겠습니다. 

## 1️⃣ `rt3` 테이블에서 조건 필터링 (가장 먼저 실행)

```txt
-> Table scan on rt3  (cost=0.45 rows=2) (actual time=0.0247..0.0257 rows=2 loops=1)
-> Filter: (rt3.recruit_condition_id is not null)  (cost=0.45 rows=2) (actual time=0.0259..0.027 rows=2 loops=1)
```

- full table scan 

## 2️⃣ `rc` 테이블에서 `recruit_condition_id`로 단일 행 조회

```txt
-> Single-row index lookup on rc using PRIMARY (recruit_condition_id=rt3.recruit_condition_id)  
   (cost=0.3 rows=1) (actual time=0.00914..0.00918 rows=1 loops=2)
```

- 본 테이블에 대한 디스크 접근 및 리드가 들어감 (실제 데이터 읽기)

## 3️⃣ `wl` 테이블에서 `rc.location_id` 기반으로 조회

```txt
-> Index lookup on wl using FK68evg90pj6ej4vimdbpyauy2l (location_id=rc.location_id)  
   (cost=0.3 rows=1) (actual time=0.00915..0.0103 rows=2 loops=2)
```

- `rc.location_id` 값을 사용해서 `wl` 테이블을 **인덱스를 활용하여 조회**.

- `PRIMARY KEY`를 사용한 단일 행 검색이므로 빠름.

## 4️⃣ `jc` 테이블에서 `job_condition_id` 기반으로 조회

```txt
-> Single-row index lookup on jc using PRIMARY (job_condition_id=wl.job_condition_id)  
   (cost=0.256 rows=1) (actual time=0.00503..0.00507 rows=1 loops=4)
```

- **`wl.job_condition_id`를 사용하여 `jc` 테이블에서 단일 행을 조회**.

- `PRIMARY KEY`를 사용한 검색이므로 빠름.

- 하지만 `loops=4`이므로 **반복 호출 최적화 필요** (현재 조회 문이 2개인데 2N개 받음 -> JOIN으로 인해 이미 중복된 값이 생겼고, 반복 계산 중임)

## 5️⃣ `jc`에서 필터 조건 적용 (WHERE 절)

```txt
-> Filter: (((jc.day_of_week & rt3.dayOfWeek) <> 0) 
         and (jc.start_time < rt3.startTime) 
         and (jc.end_time > rt3.startTime))  
   (cost=0.256 rows=0.111) (actual time=0.00624..0.00631 rows=0.5 loops=4)
```

- `jc.day_of_week & rt3.dayOfWeek` **비트 연산을 수행하여 필터링**.
- `start_time`, `end_time` 조건을 적용하여 시간 범위 내에 있는지 확인.
- **비트 연산(&) 및 범위 검색이 성능 저하 원인** → `day_of_week`, `start_time` 컬럼에 인덱스 추가 필요.

## 6️⃣ `rt2` 테이블에서 `rt3.recruit_condition_id` 기반으로 조회

```txt
-> Index lookup on rt2 using FK8o3iwwr01r7t8vtck66h0owo5 (recruit_condition_id=rt3.recruit_condition_id)  
   (cost=0.475 rows=1) (actual time=0.00402..0.00402 rows=1 loops=2)
```

- **`rt3.recruit_condition_id` 값으로 `rt2` 테이블에서 단일 행을 조회**.

## 7️⃣ `rt2.dayOfWeek = rt3.dayOfWeek` 조건 필터링

```txt
-> Filter: (rt2.dayOfWeek = rt3.dayOfWeek)  
   (cost=0.475 rows=0.5) (actual time=0.00436..0.00436 rows=1 loops=2)
```

- `rt2.dayOfWeek`과 `rt3.dayOfWeek`이 같은 경우만 필터링

## 8️⃣ 최종 결과를 `Temporary Table`로 저장 후 중복 제거

```txt
-> Temporary table with deduplication  (cost=2.64..2.64 rows=0.111)  
   (actual time=0.178..0.178 rows=2 loops=1)
```

- **임시 테이블(Temporary Table) 생성 및 중복 제거**가 수행됨.
- **성능 저하 요인** → `DISTINCT` 또는 `GROUP BY` 제거 필요.



## 소결

JOIN을 할 때, 중복 제거를 따로 하지 않고 있음. 현재 20개 중 행 2개를 뽑는 로직에서도 행 중복으로 인한, 행이 2배가 되는 현상을 보이고 있어서, 데이터가 늘어날수록, JOIN으로 인한 데이터 중복이 더 많아질 것이라는 생각이 듦 

`rt3`, `rc`, `wl`, `jc`, `rt2` 등 여러 테이블을 JOIN하면서, **한쪽 테이블에서 여러 개의 중복된 행이 반환될 가능성이 큼**.
실제로 **"Nested Loop Join"이 여러 번 수행되며 `loops=2, loops=4`처럼 반복되는 부분**이 있음.
특히 **테이블이 늘어날수록, 중복이 기하급수적으로 증가할 가능성이 큼**.

맨 마지막에 거대한 임시 테이블을 생성하여 한 번에 지우는 로직은 모든 연산마다 각자의 임시 테이블을 생성할 필요가 있어서 DB의 메모리 부하를 일으킬 가능성이 크다. 

### 해결방안

- 1대 다 관계에서 Where 필터링이나, PK 등을 활용하여, 데이터 중복 Mapping을 제거한다. 

- 매칭을 위한 JOIN이 5번이다. ERD 근본적인 정규화가 필요한지 확인 해야 한다.  

# 실행 계획 전문

```json

-> Table scan on <temporary>  (cost=5.14..5.14 rows=0.111) (actual time=0.179..0.179 rows=2 loops=1)
    -> Temporary table with deduplication  (cost=2.64..2.64 rows=0.111) (actual time=0.178..0.178 rows=2 loops=1)
        -> Nested loop inner join  (cost=2.63 rows=0.111) (actual time=0.111..0.137 rows=2 loops=1)
            -> Nested loop inner join  (cost=2.55 rows=0.222) (actual time=0.102..0.125 rows=2 loops=1)
                -> Nested loop inner join  (cost=1.85 rows=2) (actual time=0.0882..0.0988 rows=4 loops=1)
                    -> Nested loop inner join  (cost=1.15 rows=2) (actual time=0.072..0.0769 rows=2 loops=1)
                        -> Filter: (rt3.recruit_condition_id is not null)  (cost=0.45 rows=2) (actual time=0.0259..0.027 rows=2 loops=1)
                            -> Table scan on rt3  (cost=0.45 rows=2) (actual time=0.0247..0.0257 rows=2 loops=1)
                        -> Single-row index lookup on rc using PRIMARY (recruit_condition_id=rt3.recruit_condition_id)  
                           (cost=0.3 rows=1) (actual time=0.00914..0.00918 rows=1 loops=2)
                    -> Index lookup on wl using FK68evg90pj6ej4vimdbpyauy2l (location_id=rc.location_id)  
                       (cost=0.3 rows=1) (actual time=0.00915..0.0103 rows=2 loops=2)
                -> Filter: (((jc.day_of_week & rt3.dayOfWeek) <> 0) and (jc.start_time < rt3.startTime) and (jc.end_time > rt3.startTime))  
                   (cost=0.256 rows=0.111) (actual time=0.00624..0.00631 rows=0.5 loops=4)
                    -> Single-row index lookup on jc using PRIMARY (job_condition_id=wl.job_condition_id)  
                       (cost=0.256 rows=1) (actual time=0.00503..0.00507 rows=1 loops=4)
            -> Limit: 1 row(s)  (cost=0.475 rows=0.5) (actual time=0.00459..0.00464 rows=1 loops=2)
                -> Filter: (rt2.dayOfWeek = rt3.dayOfWeek)  
                   (cost=0.475 rows=0.5) (actual time=0.00436..0.00436 rows=1 loops=2)
                    -> Index lookup on rt2 using FK8o3iwwr01r7t8vtck66h0owo5 (recruit_condition_id=rt3.recruit_condition_id)  
                       (cost=0.475 rows=1) (actual time=0.00402..0.00402 rows=1 loops=2)
```

